[debug] [2018-05-09T17:53:57.230Z] ----------------------------------------------------------------------
[debug] [2018-05-09T17:53:57.232Z] Command:       D:\Works\Tools\node\v8.9.4\node.exe D:\Works\Tools\node\v8.9.4\node_modules\firebase-tools\bin\firebase serve
[debug] [2018-05-09T17:53:57.232Z] CLI Version:   3.17.4
[debug] [2018-05-09T17:53:57.232Z] Platform:      win32
[debug] [2018-05-09T17:53:57.232Z] Node Version:  v8.9.4
[debug] [2018-05-09T17:53:57.232Z] Time:          Wed May 09 2018 19:53:57 GMT+0200 (Paris, Madrid (heure d’été))
[debug] [2018-05-09T17:53:57.232Z] ----------------------------------------------------------------------
[debug] 
[debug] [2018-05-09T17:53:57.239Z] > command requires scopes: ["email","openid","https://www.googleapis.com/auth/cloudplatformprojects.readonly","https://www.googleapis.com/auth/firebase","https://www.googleapis.com/auth/cloud-platform"]
[debug] [2018-05-09T17:53:57.239Z] > authorizing via signed-in user
[debug] [2018-05-09T17:53:57.242Z] >>> HTTP REQUEST GET https://admin.firebase.com/v1/projects/blog-photo-c92df  
  
 Wed May 09 2018 19:53:57 GMT+0200 (Paris, Madrid (heure d’été))
[debug] [2018-05-09T17:53:57.932Z] <<< HTTP RESPONSE 200
[debug] [2018-05-09T17:53:57.933Z] >>> HTTP REQUEST GET https://admin.firebase.com/v1/database/blog-photo-c92df/tokens  
  
 Wed May 09 2018 19:53:57 GMT+0200 (Paris, Madrid (heure d’été))
[debug] [2018-05-09T17:53:58.579Z] <<< HTTP RESPONSE 200
[info] 
[info] === Serving from 'D:\Works\Projects\blog-photo'...
[info] 
[debug] [2018-05-09T17:53:58.582Z] >>> HTTP REQUEST GET https://cloudresourcemanager.googleapis.com/v1/projects/blog-photo-c92df  
  
 Wed May 09 2018 19:53:58 GMT+0200 (Paris, Madrid (heure d’été))
[debug] [2018-05-09T17:53:59.296Z] <<< HTTP RESPONSE 200
[debug] [2018-05-09T17:53:59.296Z] >>> HTTP REQUEST GET https://mobilesdk-pa.googleapis.com/v1/projects/217094971948/clients/_:getWebAppConfig  
  
 Wed May 09 2018 19:53:59 GMT+0200 (Paris, Madrid (heure d’été))
[debug] [2018-05-09T17:53:59.755Z] <<< HTTP RESPONSE 200
[info] i  hosting: Serving hosting files from: dist
[info] +  hosting: Local server: http://localhost:5000

